  StdAfx.cpp
  _WIN32_WINNT not defined. Defaulting to _WIN32_WINNT_MAXVER (see WinSDKVer.h)
  3DSLoader.cpp
f:\3dsloader\glStructures.h(124): warning C4996: 'strcpy': This function or variable may be unsafe. Consider using strcpy_s instead. To disable deprecation, use _CRT_SECURE_NO_WARNINGS. See online help for details.
  C:\Program Files (x86)\Windows Kits\10\Include\10.0.10240.0\ucrt\string.h(119): note: 参见“strcpy”的声明
f:\3dsloader\Knuckle.h(52): warning C4996: 'strcpy': This function or variable may be unsafe. Consider using strcpy_s instead. To disable deprecation, use _CRT_SECURE_NO_WARNINGS. See online help for details.
  C:\Program Files (x86)\Windows Kits\10\Include\10.0.10240.0\ucrt\string.h(119): note: 参见“strcpy”的声明
3DSLoader.cpp(61): warning C4996: 'CWinApp::Enable3dControls': CWinApp::Enable3dControls is no longer needed. You should remove this call.
  C:\Program Files (x86)\Microsoft Visual Studio\2017\Community\VC\Tools\MSVC\14.10.25017\atlmfc\include\afxwin.h(5224): note: 参见“CWinApp::Enable3dControls”的声明
  3DSLoaderDoc.cpp
f:\3dsloader\glStructures.h(124): warning C4996: 'strcpy': This function or variable may be unsafe. Consider using strcpy_s instead. To disable deprecation, use _CRT_SECURE_NO_WARNINGS. See online help for details.
  C:\Program Files (x86)\Windows Kits\10\Include\10.0.10240.0\ucrt\string.h(119): note: 参见“strcpy”的声明
f:\3dsloader\Knuckle.h(52): warning C4996: 'strcpy': This function or variable may be unsafe. Consider using strcpy_s instead. To disable deprecation, use _CRT_SECURE_NO_WARNINGS. See online help for details.
  C:\Program Files (x86)\Windows Kits\10\Include\10.0.10240.0\ucrt\string.h(119): note: 参见“strcpy”的声明
  3DSLoaderView.cpp
f:\3dsloader\glStructures.h(124): warning C4996: 'strcpy': This function or variable may be unsafe. Consider using strcpy_s instead. To disable deprecation, use _CRT_SECURE_NO_WARNINGS. See online help for details.
  C:\Program Files (x86)\Windows Kits\10\Include\10.0.10240.0\ucrt\string.h(119): note: 参见“strcpy”的声明
f:\3dsloader\Knuckle.h(52): warning C4996: 'strcpy': This function or variable may be unsafe. Consider using strcpy_s instead. To disable deprecation, use _CRT_SECURE_NO_WARNINGS. See online help for details.
  C:\Program Files (x86)\Windows Kits\10\Include\10.0.10240.0\ucrt\string.h(119): note: 参见“strcpy”的声明
f:\3dsloader\GloableVariable.h(67): warning C4838: 从“double”转换到“const float”需要收缩转换
f:\3dsloader\GloableVariable.h(69): warning C4838: 从“double”转换到“const float”需要收缩转换
f:\3dsloader\GloableVariable.h(77): warning C4838: 从“double”转换到“const float”需要收缩转换
3DSLoaderView.cpp(576): warning C4996: 'strcpy': This function or variable may be unsafe. Consider using strcpy_s instead. To disable deprecation, use _CRT_SECURE_NO_WARNINGS. See online help for details.
  C:\Program Files (x86)\Windows Kits\10\Include\10.0.10240.0\ucrt\string.h(119): note: 参见“strcpy”的声明
  3dsReader.cpp
f:\3dsloader\glStructures.h(124): warning C4996: 'strcpy': This function or variable may be unsafe. Consider using strcpy_s instead. To disable deprecation, use _CRT_SECURE_NO_WARNINGS. See online help for details.
  C:\Program Files (x86)\Windows Kits\10\Include\10.0.10240.0\ucrt\string.h(119): note: 参见“strcpy”的声明
f:\3dsloader\Knuckle.h(52): warning C4996: 'strcpy': This function or variable may be unsafe. Consider using strcpy_s instead. To disable deprecation, use _CRT_SECURE_NO_WARNINGS. See online help for details.
  C:\Program Files (x86)\Windows Kits\10\Include\10.0.10240.0\ucrt\string.h(119): note: 参见“strcpy”的声明
3dsReader.cpp(467): warning C4996: 'fopen': This function or variable may be unsafe. Consider using fopen_s instead. To disable deprecation, use _CRT_SECURE_NO_WARNINGS. See online help for details.
  C:\Program Files (x86)\Windows Kits\10\Include\10.0.10240.0\ucrt\stdio.h(205): note: 参见“fopen”的声明
  Filehelper.cpp
  FingerStruc.cpp
  GloableVariable.cpp
f:\3dsloader\GloableVariable.h(67): warning C4838: 从“double”转换到“const float”需要收缩转换
f:\3dsloader\GloableVariable.h(69): warning C4838: 从“double”转换到“const float”需要收缩转换
f:\3dsloader\GloableVariable.h(77): warning C4838: 从“double”转换到“const float”需要收缩转换
GloableVariable.cpp(21): warning C4838: 从“double”转换到“float”需要收缩转换
GloableVariable.cpp(31): warning C4838: 从“double”转换到“float”需要收缩转换
GloableVariable.cpp(35): warning C4838: 从“double”转换到“float”需要收缩转换
  GloveSampleDlg.cpp
f:\3dsloader\glStructures.h(124): warning C4996: 'strcpy': This function or variable may be unsafe. Consider using strcpy_s instead. To disable deprecation, use _CRT_SECURE_NO_WARNINGS. See online help for details.
  C:\Program Files (x86)\Windows Kits\10\Include\10.0.10240.0\ucrt\string.h(119): note: 参见“strcpy”的声明
f:\3dsloader\Knuckle.h(52): warning C4996: 'strcpy': This function or variable may be unsafe. Consider using strcpy_s instead. To disable deprecation, use _CRT_SECURE_NO_WARNINGS. See online help for details.
  C:\Program Files (x86)\Windows Kits\10\Include\10.0.10240.0\ucrt\string.h(119): note: 参见“strcpy”的声明
GloveSampleDlg.cpp(72): warning C4996: 'sprintf': This function or variable may be unsafe. Consider using sprintf_s instead. To disable deprecation, use _CRT_SECURE_NO_WARNINGS. See online help for details.
  C:\Program Files (x86)\Windows Kits\10\Include\10.0.10240.0\ucrt\stdio.h(1769): note: 参见“sprintf”的声明
GloveSampleDlg.cpp(74): warning C4996: 'sprintf': This function or variable may be unsafe. Consider using sprintf_s instead. To disable deprecation, use _CRT_SECURE_NO_WARNINGS. See online help for details.
  C:\Program Files (x86)\Windows Kits\10\Include\10.0.10240.0\ucrt\stdio.h(1769): note: 参见“sprintf”的声明
GloveSampleDlg.cpp(76): warning C4996: 'sprintf': This function or variable may be unsafe. Consider using sprintf_s instead. To disable deprecation, use _CRT_SECURE_NO_WARNINGS. See online help for details.
  C:\Program Files (x86)\Windows Kits\10\Include\10.0.10240.0\ucrt\stdio.h(1769): note: 参见“sprintf”的声明
GloveSampleDlg.cpp(78): warning C4996: 'sprintf': This function or variable may be unsafe. Consider using sprintf_s instead. To disable deprecation, use _CRT_SECURE_NO_WARNINGS. See online help for details.
  C:\Program Files (x86)\Windows Kits\10\Include\10.0.10240.0\ucrt\stdio.h(1769): note: 参见“sprintf”的声明
GloveSampleDlg.cpp(80): warning C4996: 'sprintf': This function or variable may be unsafe. Consider using sprintf_s instead. To disable deprecation, use _CRT_SECURE_NO_WARNINGS. See online help for details.
  C:\Program Files (x86)\Windows Kits\10\Include\10.0.10240.0\ucrt\stdio.h(1769): note: 参见“sprintf”的声明
GloveSampleDlg.cpp(82): warning C4996: 'sprintf': This function or variable may be unsafe. Consider using sprintf_s instead. To disable deprecation, use _CRT_SECURE_NO_WARNINGS. See online help for details.
  C:\Program Files (x86)\Windows Kits\10\Include\10.0.10240.0\ucrt\stdio.h(1769): note: 参见“sprintf”的声明
GloveSampleDlg.cpp(84): warning C4996: 'sprintf': This function or variable may be unsafe. Consider using sprintf_s instead. To disable deprecation, use _CRT_SECURE_NO_WARNINGS. See online help for details.
  C:\Program Files (x86)\Windows Kits\10\Include\10.0.10240.0\ucrt\stdio.h(1769): note: 参见“sprintf”的声明
GloveSampleDlg.cpp(86): warning C4996: 'sprintf': This function or variable may be unsafe. Consider using sprintf_s instead. To disable deprecation, use _CRT_SECURE_NO_WARNINGS. See online help for details.
  C:\Program Files (x86)\Windows Kits\10\Include\10.0.10240.0\ucrt\stdio.h(1769): note: 参见“sprintf”的声明
GloveSampleDlg.cpp(88): warning C4996: 'sprintf': This function or variable may be unsafe. Consider using sprintf_s instead. To disable deprecation, use _CRT_SECURE_NO_WARNINGS. See online help for details.
  C:\Program Files (x86)\Windows Kits\10\Include\10.0.10240.0\ucrt\stdio.h(1769): note: 参见“sprintf”的声明
GloveSampleDlg.cpp(90): warning C4996: 'sprintf': This function or variable may be unsafe. Consider using sprintf_s instead. To disable deprecation, use _CRT_SECURE_NO_WARNINGS. See online help for details.
  C:\Program Files (x86)\Windows Kits\10\Include\10.0.10240.0\ucrt\stdio.h(1769): note: 参见“sprintf”的声明
GloveSampleDlg.cpp(92): warning C4996: 'sprintf': This function or variable may be unsafe. Consider using sprintf_s instead. To disable deprecation, use _CRT_SECURE_NO_WARNINGS. See online help for details.
  C:\Program Files (x86)\Windows Kits\10\Include\10.0.10240.0\ucrt\stdio.h(1769): note: 参见“sprintf”的声明
GloveSampleDlg.cpp(94): warning C4996: 'sprintf': This function or variable may be unsafe. Consider using sprintf_s instead. To disable deprecation, use _CRT_SECURE_NO_WARNINGS. See online help for details.
  C:\Program Files (x86)\Windows Kits\10\Include\10.0.10240.0\ucrt\stdio.h(1769): note: 参见“sprintf”的声明
GloveSampleDlg.cpp(96): warning C4996: 'sprintf': This function or variable may be unsafe. Consider using sprintf_s instead. To disable deprecation, use _CRT_SECURE_NO_WARNINGS. See online help for details.
  C:\Program Files (x86)\Windows Kits\10\Include\10.0.10240.0\ucrt\stdio.h(1769): note: 参见“sprintf”的声明
GloveSampleDlg.cpp(98): warning C4996: 'sprintf': This function or variable may be unsafe. Consider using sprintf_s instead. To disable deprecation, use _CRT_SECURE_NO_WARNINGS. See online help for details.
  C:\Program Files (x86)\Windows Kits\10\Include\10.0.10240.0\ucrt\stdio.h(1769): note: 参见“sprintf”的声明
GloveSampleDlg.cpp(103): warning C4996: 'sprintf': This function or variable may be unsafe. Consider using sprintf_s instead. To disable deprecation, use _CRT_SECURE_NO_WARNINGS. See online help for details.
  C:\Program Files (x86)\Windows Kits\10\Include\10.0.10240.0\ucrt\stdio.h(1769): note: 参见“sprintf”的声明
GloveSampleDlg.cpp(106): warning C4996: 'sprintf': This function or variable may be unsafe. Consider using sprintf_s instead. To disable deprecation, use _CRT_SECURE_NO_WARNINGS. See online help for details.
  C:\Program Files (x86)\Windows Kits\10\Include\10.0.10240.0\ucrt\stdio.h(1769): note: 参见“sprintf”的声明
GloveSampleDlg.cpp(147): warning C4996: 'sprintf': This function or variable may be unsafe. Consider using sprintf_s instead. To disable deprecation, use _CRT_SECURE_NO_WARNINGS. See online help for details.
  C:\Program Files (x86)\Windows Kits\10\Include\10.0.10240.0\ucrt\stdio.h(1769): note: 参见“sprintf”的声明
  MainFrm.cpp
f:\3dsloader\glStructures.h(124): warning C4996: 'strcpy': This function or variable may be unsafe. Consider using strcpy_s instead. To disable deprecation, use _CRT_SECURE_NO_WARNINGS. See online help for details.
  C:\Program Files (x86)\Windows Kits\10\Include\10.0.10240.0\ucrt\string.h(119): note: 参见“strcpy”的声明
f:\3dsloader\Knuckle.h(52): warning C4996: 'strcpy': This function or variable may be unsafe. Consider using strcpy_s instead. To disable deprecation, use _CRT_SECURE_NO_WARNINGS. See online help for details.
  C:\Program Files (x86)\Windows Kits\10\Include\10.0.10240.0\ucrt\string.h(119): note: 参见“strcpy”的声明
  MatlabEngine.cpp
MatlabEngine.cpp(302): warning C4018: “<”: 有符号/无符号不匹配
MatlabEngine.cpp(306): warning C4018: “<”: 有符号/无符号不匹配
MatlabEngine.cpp(380): warning C4018: “<”: 有符号/无符号不匹配
MatlabEngine.cpp(384): warning C4018: “<”: 有符号/无符号不匹配
MatlabEngine.cpp(442): warning C4996: 'sprintf': This function or variable may be unsafe. Consider using sprintf_s instead. To disable deprecation, use _CRT_SECURE_NO_WARNINGS. See online help for details.
  C:\Program Files (x86)\Windows Kits\10\Include\10.0.10240.0\ucrt\stdio.h(1769): note: 参见“sprintf”的声明
MatlabEngine.cpp(447): warning C4996: 'sprintf': This function or variable may be unsafe. Consider using sprintf_s instead. To disable deprecation, use _CRT_SECURE_NO_WARNINGS. See online help for details.
  C:\Program Files (x86)\Windows Kits\10\Include\10.0.10240.0\ucrt\stdio.h(1769): note: 参见“sprintf”的声明
MatlabEngine.cpp(664): warning C4267: “参数”: 从“size_t”转换到“UINT”，可能丢失数据
MatlabEngine.cpp(756): warning C4996: 'strcpy': This function or variable may be unsafe. Consider using strcpy_s instead. To disable deprecation, use _CRT_SECURE_NO_WARNINGS. See online help for details.
  C:\Program Files (x86)\Windows Kits\10\Include\10.0.10240.0\ucrt\string.h(119): note: 参见“strcpy”的声明
  PublicFuntoinHelper.cpp
  RobotHand.cpp
f:\3dsloader\glStructures.h(124): warning C4996: 'strcpy': This function or variable may be unsafe. Consider using strcpy_s instead. To disable deprecation, use _CRT_SECURE_NO_WARNINGS. See online help for details.
  C:\Program Files (x86)\Windows Kits\10\Include\10.0.10240.0\ucrt\string.h(119): note: 参见“strcpy”的声明
f:\3dsloader\Knuckle.h(52): warning C4996: 'strcpy': This function or variable may be unsafe. Consider using strcpy_s instead. To disable deprecation, use _CRT_SECURE_NO_WARNINGS. See online help for details.
  C:\Program Files (x86)\Windows Kits\10\Include\10.0.10240.0\ucrt\string.h(119): note: 参见“strcpy”的声明
f:\3dsloader\GloableVariable.h(67): warning C4838: 从“double”转换到“const float”需要收缩转换
f:\3dsloader\GloableVariable.h(69): warning C4838: 从“double”转换到“const float”需要收缩转换
f:\3dsloader\GloableVariable.h(77): warning C4838: 从“double”转换到“const float”需要收缩转换
  Knuckle.cpp
f:\3dsloader\glStructures.h(124): warning C4996: 'strcpy': This function or variable may be unsafe. Consider using strcpy_s instead. To disable deprecation, use _CRT_SECURE_NO_WARNINGS. See online help for details.
  C:\Program Files (x86)\Windows Kits\10\Include\10.0.10240.0\ucrt\string.h(119): note: 参见“strcpy”的声明
f:\3dsloader\Knuckle.h(52): warning C4996: 'strcpy': This function or variable may be unsafe. Consider using strcpy_s instead. To disable deprecation, use _CRT_SECURE_NO_WARNINGS. See online help for details.
  C:\Program Files (x86)\Windows Kits\10\Include\10.0.10240.0\ucrt\string.h(119): note: 参见“strcpy”的声明
  正在生成代码...
C:\Program Files (x86)\Microsoft Visual Studio\2017\Community\Common7\IDE\VC\VCTargets\Microsoft.CppBuild.targets(1198,5): warning MSB8012: TargetPath(F:\3DSLoader\x64\Debug\3DSLoader.exe) 与 Linker 的 OutputFile 属性值(F:\3DSLoader\Debug\3DSLoader.exe)不匹配。这可能导致项目生成不正确。若要更正此问题，请确保 $(OutDir)、$(TargetName) 和 $(TargetExt) 属性值与 %(Link.OutputFile) 中指定的值匹配。
GloveSampleDlg.obj : error LNK2019: 无法解析的外部符号 "struct fdGlove * __cdecl fdOpen(char *)" (?fdOpen@@YAPEAUfdGlove@@PEAD@Z)，该符号在函数 "public: void __cdecl GloveSampleDlg::OnLbnSelchangeList2(void)" (?OnLbnSelchangeList2@GloveSampleDlg@@QEAAXXZ) 中被引用
GloveSampleDlg.obj : error LNK2019: 无法解析的外部符号 "int __cdecl fdClose(struct fdGlove *)" (?fdClose@@YAHPEAUfdGlove@@@Z)，该符号在函数 "public: void __cdecl GloveSampleDlg::OnLbnSelchangeList2(void)" (?OnLbnSelchangeList2@GloveSampleDlg@@QEAAXXZ) 中被引用
GloveSampleDlg.obj : error LNK2019: 无法解析的外部符号 "void __cdecl fdGetSensorRawAll(struct fdGlove *,unsigned short *)" (?fdGetSensorRawAll@@YAXPEAUfdGlove@@PEAG@Z)，该符号在函数 "public: bool __cdecl GloveSampleDlg::UpdateInputs(void)" (?UpdateInputs@GloveSampleDlg@@QEAA_NXZ) 中被引用
GloveSampleDlg.obj : error LNK2019: 无法解析的外部符号 "int __cdecl fdGetGesture(struct fdGlove *)" (?fdGetGesture@@YAHPEAUfdGlove@@@Z)，该符号在函数 "public: bool __cdecl GloveSampleDlg::UpdateInputs(void)" (?UpdateInputs@GloveSampleDlg@@QEAA_NXZ) 中被引用
GloveSampleDlg.obj : error LNK2019: 无法解析的外部符号 "bool __cdecl fdLoadCalibration(struct fdGlove *,char const *)" (?fdLoadCalibration@@YA_NPEAUfdGlove@@PEBD@Z)，该符号在函数 "public: bool __cdecl GloveSampleDlg::UpdateInputs(void)" (?UpdateInputs@GloveSampleDlg@@QEAA_NXZ) 中被引用
F:\3DSLoader\5DT\lib\fgloved.lib : warning LNK4272: 库计算机类型“X86”与目标计算机类型“x64”冲突
C:\Program Files (x86)\Microsoft Visual Studio\2017\Community\VC\Tools\MSVC\14.10.25017\lib\x64\glut32.lib : warning LNK4272: 库计算机类型“X86”与目标计算机类型“x64”冲突
.\Debug\3DSLoader.exe : fatal error LNK1120: 5 个无法解析的外部命令
