f:\3dsloader\release\3dsloader.pch
f:\3dsloader\release\vc141.pdb
f:\3dsloader\release\stdafx.obj
f:\3dsloader\release\getpythondata.obj
f:\3dsloader\release\robothand.obj
f:\3dsloader\release\publicfuntoinhelper.obj
f:\3dsloader\release\matlabengine.obj
f:\3dsloader\release\mainfrm.obj
f:\3dsloader\release\knuckle.obj
f:\3dsloader\release\glovesampledlg.obj
f:\3dsloader\release\gloablevariable.obj
f:\3dsloader\release\fingerstruc.obj
f:\3dsloader\release\filehelper.obj
f:\3dsloader\release\3dsreader.obj
f:\3dsloader\release\3dsloaderview.obj
f:\3dsloader\release\3dsloaderdoc.obj
f:\3dsloader\release\3dsloader.obj
f:\3dsloader\release\kinectwin.obj
f:\3dsloader\release\cvvimage.obj
f:\3dsloader\release\3dsloader.res
f:\3dsloader\release\3dsloader.pdb
f:\3dsloader\release\3dsloader.tlog\cl.command.1.tlog
f:\3dsloader\release\3dsloader.tlog\cl.read.1.tlog
f:\3dsloader\release\3dsloader.tlog\cl.write.1.tlog
f:\3dsloader\release\3dsloader.tlog\link-cvtres.read.1.tlog
f:\3dsloader\release\3dsloader.tlog\link-cvtres.write.1.tlog
f:\3dsloader\release\3dsloader.tlog\link-mt.read.1.tlog
f:\3dsloader\release\3dsloader.tlog\link-mt.write.1.tlog
f:\3dsloader\release\3dsloader.tlog\link-rc.read.1.tlog
f:\3dsloader\release\3dsloader.tlog\link-rc.write.1.tlog
f:\3dsloader\release\3dsloader.tlog\link.command.1.tlog
f:\3dsloader\release\3dsloader.tlog\link.read.1.tlog
f:\3dsloader\release\3dsloader.tlog\link.write.1.tlog
f:\3dsloader\release\3dsloader.tlog\rc.command.1.tlog
f:\3dsloader\release\3dsloader.tlog\rc.read.1.tlog
f:\3dsloader\release\3dsloader.tlog\rc.write.1.tlog
